 INFO - app.services.auth_user_service - 2024-11-05 12:19:03,898 -  getting new password....$2b$12$Iel/.PN68X6SDB4wYLLX2u7e0906Z3c6YXC615mY5dcvUVuVYywYa
 INFO - app.services.auth_user_service - 2024-11-05 12:19:04,307 -  new password....$2b$12$Iel/.PN68X6SDB4wYLLX2u7e0906Z3c6YXC615mY5dcvUVuVYywYa
 INFO - app.services.otp_service - 2024-11-07 21:31:23,801 -  generating otp......
 INFO - app.services.otp_service - 2024-11-07 21:31:23,802 -  setting otp token in redis......
 INFO - app.services.otp_service - 2024-11-07 21:31:25,833 -  setting otp trials in redis......
 INFO - app.services.auth_user_service - 2024-11-07 21:31:25,835 -  otp stored successfully in redis.....636812
 INFO - app.services.otp_service - 2024-11-07 21:31:25,839 -  Sending email.....
 INFO - app.utils.send_email - 2024-11-07 21:31:27,843 -  login to mailtrap service.........
 INFO - app.utils.send_email - 2024-11-07 21:31:29,358 -  logged in successfully.........
 INFO - app.utils.send_email - 2024-11-07 21:31:29,359 -  sending email..........
 INFO - app.utils.send_email - 2024-11-07 21:31:30,698 -  Email sent successfully..........
 INFO - app.services.auth_user_service - 2024-11-07 22:05:25,823 -  getting new password....$2b$12$Iel/.PN68X6SDB4wYLLX2u7e0906Z3c6YXC615mY5dcvUVuVYywYa
 INFO - app.services.auth_user_service - 2024-11-07 22:05:26,443 -  new password....$2b$12$Iel/.PN68X6SDB4wYLLX2u7e0906Z3c6YXC615mY5dcvUVuVYywYa
 INFO - app.services.otp_service - 2024-11-07 22:08:05,708 -  generating otp......
 INFO - app.services.otp_service - 2024-11-07 22:08:05,708 -  setting otp token in redis......
 INFO - app.services.otp_service - 2024-11-07 22:08:07,761 -  setting otp trials in redis......
 INFO - app.services.auth_user_service - 2024-11-07 22:08:07,763 -  otp stored successfully in redis.....741368
 INFO - app.services.otp_service - 2024-11-07 22:08:07,766 -  Sending email.....
 INFO - app.utils.send_email - 2024-11-07 22:08:10,129 -  login to mailtrap service.........
 INFO - app.utils.send_email - 2024-11-07 22:08:11,759 -  logged in successfully.........
 INFO - app.utils.send_email - 2024-11-07 22:08:11,760 -  sending email..........
 INFO - app.utils.send_email - 2024-11-07 22:08:12,784 -  Email sent successfully..........
